2013/01/06 21:04:19 [error] [exception.CHttpException.404] exception 'CHttpException' with message 'Unable to resolve the request "giii".' in /var/www/YiiRoot/framework/web/CWebApplication.php:286
Stack trace:
#0 /var/www/YiiRoot/framework/web/CWebApplication.php(141): CWebApplication->runController('giii')
#1 /var/www/YiiRoot/framework/base/CApplication.php(169): CWebApplication->processRequest()
#2 /var/www/rakipsiteler/index.php(13): CApplication->run()
#3 {main}
REQUEST_URI=/giii
---
2013/01/06 21:04:50 [error] [exception.CHttpException.404] exception 'CHttpException' with message 'Unable to resolve the request "giii".' in /var/www/YiiRoot/framework/web/CWebApplication.php:286
Stack trace:
#0 /var/www/YiiRoot/framework/web/CWebApplication.php(141): CWebApplication->runController('giii')
#1 /var/www/YiiRoot/framework/base/CApplication.php(169): CWebApplication->processRequest()
#2 /var/www/rakipsiteler/index.php(13): CApplication->run()
#3 {main}
REQUEST_URI=/giii
---
2013/01/06 21:04:51 [error] [exception.CHttpException.404] exception 'CHttpException' with message 'Unable to resolve the request "giii".' in /var/www/YiiRoot/framework/web/CWebApplication.php:286
Stack trace:
#0 /var/www/YiiRoot/framework/web/CWebApplication.php(141): CWebApplication->runController('giii')
#1 /var/www/YiiRoot/framework/base/CApplication.php(169): CWebApplication->processRequest()
#2 /var/www/rakipsiteler/index.php(13): CApplication->run()
#3 {main}
REQUEST_URI=/giii
---
2013/01/06 23:19:26 [error] [exception.CDbException] exception 'CDbException' with message 'CDbConnection failed to open the DB connection: could not find driver' in /var/www/YiiRoot/framework/db/CDbConnection.php:381
Stack trace:
#0 /var/www/YiiRoot/framework/db/CDbConnection.php(330): CDbConnection->open()
#1 /var/www/YiiRoot/framework/db/CDbConnection.php(308): CDbConnection->setActive(true)
#2 /var/www/YiiRoot/framework/base/CModule.php(387): CDbConnection->init()
#3 /var/www/YiiRoot/framework/base/CModule.php(103): CModule->getComponent('db')
#4 /var/www/YiiRoot/framework/gii/generators/model/ModelCode.php(57): CModule->__get('db')
#5 /var/www/YiiRoot/framework/web/CFormModel.php(39): ModelCode->init()
#6 /var/www/YiiRoot/framework/gii/CCodeGenerator.php(153): CFormModel->__construct()
#7 /var/www/YiiRoot/framework/gii/CCodeGenerator.php(63): CCodeGenerator->prepare()
#8 /var/www/YiiRoot/framework/web/actions/CInlineAction.php(49): CCodeGenerator->actionIndex()
#9 /var/www/YiiRoot/framework/web/CController.php(308): CInlineAction->runWithParams(Array)
#10 /var/www/YiiRoot/framework/web/CController.php(286): CController->runAction(Object(CInlineAction))
#11 /var/www/YiiRoot/framework/web/CController.php(265): CController->runActionWithFilters(Object(CInlineAction), Array)
#12 /var/www/YiiRoot/framework/web/CWebApplication.php(282): CController->run('')
#13 /var/www/YiiRoot/framework/web/CWebApplication.php(141): CWebApplication->runController('gii/model')
#14 /var/www/YiiRoot/framework/base/CApplication.php(169): CWebApplication->processRequest()
#15 /var/www/rakipsiteler/index.php(13): CApplication->run()
#16 {main}
REQUEST_URI=/gii/model
HTTP_REFERER=http://rakipsiteler.vrl/gii/default/index
---
